<?xml version="1.0" encoding="UTF-8"?>
<!-- Generated by org.testng.reporters.JUnitReportReporter -->
<testsuite hostname="R36001UL0355" failures="0" tests="2" name="SmartBuyCR.Tests.SampleTest" time="4.605" errors="0" timestamp="2024-10-10T16:32:23 IST" skipped="0">
  <testcase classname="SmartBuyCR.Tests.SampleTest" name="Google" time="1.589"/>
  <system-out/>
  <testcase classname="SmartBuyCR.Tests.SampleTest" name="TestLaunchUrl" time="3.016"/>
  <system-out/>
</testsuite> <!-- SmartBuyCR.Tests.SampleTest -->
