<?xml version="1.0" encoding="UTF-8"?>
<!-- Generated by org.testng.reporters.JUnitReportReporter -->
<testsuite hostname="R36001UL0355" failures="0" tests="1" name="SmartBuyCR.Tests.SampleTest" time="66.231" errors="1" timestamp="2024-11-08T10:16:25 IST" skipped="0">
  <testcase classname="SmartBuyCR.Tests.SampleTest" name="Infinia_FlightRoundTripBooking" time="66.231">
    <error message="Error {
  message=&#039;Timeout 30000ms exceeded.
=========================== logs ===========================
waiting for getByLabel(&quot;Friday, 08 November,&quot;).getByText(&quot;08&quot;)
============================================================
  name=&#039;TimeoutError
  stack=&#039;TimeoutError: Timeout 30000ms exceeded.
=========================== logs ===========================
waiting for getByLabel(&quot;Friday, 08 November,&quot;).getByText(&quot;08&quot;)
============================================================
    at ProgressController.run (/tmp/playwright-java-3352699115265898406/package/lib/server/progress.js:88:26)
    at Frame.click (/tmp/playwright-java-3352699115265898406/package/lib/server/frames.js:994:23)
    at FrameDispatcher.click (/tmp/playwright-java-3352699115265898406/package/lib/server/dispatchers/frameDispatcher.js:154:30)
    at DispatcherConnection.dispatch (/tmp/playwright-java-3352699115265898406/package/lib/server/dispatchers/dispatcher.js:313:46)
}" type="com.microsoft.playwright.TimeoutError">
      <![CDATA[com.microsoft.playwright.TimeoutError: Error {
  message='Timeout 30000ms exceeded.
=========================== logs ===========================
waiting for getByLabel("Friday, 08 November,").getByText("08")
============================================================
  name='TimeoutError
  stack='TimeoutError: Timeout 30000ms exceeded.
=========================== logs ===========================
waiting for getByLabel("Friday, 08 November,").getByText("08")
============================================================
    at ProgressController.run (/tmp/playwright-java-3352699115265898406/package/lib/server/progress.js:88:26)
    at Frame.click (/tmp/playwright-java-3352699115265898406/package/lib/server/frames.js:994:23)
    at FrameDispatcher.click (/tmp/playwright-java-3352699115265898406/package/lib/server/dispatchers/frameDispatcher.js:154:30)
    at DispatcherConnection.dispatch (/tmp/playwright-java-3352699115265898406/package/lib/server/dispatchers/dispatcher.js:313:46)
}
at com.microsoft.playwright.impl.WaitableResult.get(WaitableResult.java:52)
at com.microsoft.playwright.impl.ChannelOwner.runUntil(ChannelOwner.java:111)
at com.microsoft.playwright.impl.Connection.sendMessage(Connection.java:126)
at com.microsoft.playwright.impl.ChannelOwner.sendMessage(ChannelOwner.java:102)
at com.microsoft.playwright.impl.FrameImpl.clickImpl(FrameImpl.java:252)
at com.microsoft.playwright.impl.FrameImpl.lambda$click$8(FrameImpl.java:243)
at com.microsoft.playwright.impl.LoggingSupport.lambda$withLogging$0(LoggingSupport.java:36)
at com.microsoft.playwright.impl.LoggingSupport.withLogging(LoggingSupport.java:47)
at com.microsoft.playwright.impl.ChannelOwner.withLogging(ChannelOwner.java:87)
at com.microsoft.playwright.impl.LoggingSupport.withLogging(LoggingSupport.java:35)
at com.microsoft.playwright.impl.FrameImpl.click(FrameImpl.java:243)
at com.microsoft.playwright.impl.LocatorImpl.click(LocatorImpl.java:140)
at com.microsoft.playwright.Locator.click(Locator.java:2341)
at SmartBuyCR.Pages.InfiniaPage.InfiniaRoundTripCalendarSameDay(InfiniaPage.java:55)
at SmartBuyCR.Tests.SampleTest.Infinia_FlightRoundTripBooking(SampleTest.java:21)
at java.base/jdk.internal.reflect.DirectMethodHandleAccessor.invoke(DirectMethodHandleAccessor.java:103)
at java.base/java.lang.reflect.Method.invoke(Method.java:580)
at org.testng.internal.MethodInvocationHelper.invokeMethod(MethodInvocationHelper.java:133)
at org.testng.internal.TestInvoker.invokeMethod(TestInvoker.java:598)
at org.testng.internal.TestInvoker.invokeTestMethod(TestInvoker.java:173)
at org.testng.internal.MethodRunner.runInSequence(MethodRunner.java:46)
at org.testng.internal.TestInvoker$MethodInvocationAgent.invoke(TestInvoker.java:824)
at org.testng.internal.TestInvoker.invokeTestMethods(TestInvoker.java:146)
at org.testng.internal.TestMethodWorker.invokeTestMethods(TestMethodWorker.java:146)
at org.testng.internal.TestMethodWorker.run(TestMethodWorker.java:128)
at java.base/java.util.ArrayList.forEach(ArrayList.java:1596)
at org.testng.TestRunner.privateRun(TestRunner.java:794)
at org.testng.TestRunner.run(TestRunner.java:596)
at org.testng.SuiteRunner.runTest(SuiteRunner.java:377)
at org.testng.SuiteRunner.runSequentially(SuiteRunner.java:371)
at org.testng.SuiteRunner.privateRun(SuiteRunner.java:332)
at org.testng.SuiteRunner.run(SuiteRunner.java:276)
at org.testng.SuiteRunnerWorker.runSuite(SuiteRunnerWorker.java:53)
at org.testng.SuiteRunnerWorker.run(SuiteRunnerWorker.java:96)
at org.testng.TestNG.runSuitesSequentially(TestNG.java:1212)
at org.testng.TestNG.runSuitesLocally(TestNG.java:1134)
at org.testng.TestNG.runSuites(TestNG.java:1063)
at org.testng.TestNG.run(TestNG.java:1031)
at org.testng.remote.AbstractRemoteTestNG.run(AbstractRemoteTestNG.java:115)
at org.testng.remote.RemoteTestNG.initAndRun(RemoteTestNG.java:293)
at org.testng.remote.RemoteTestNG.main(RemoteTestNG.java:91)
Caused by: com.microsoft.playwright.TimeoutError: Error {
  message='Timeout 30000ms exceeded.
=========================== logs ===========================
waiting for getByLabel("Friday, 08 November,").getByText("08")
============================================================
  name='TimeoutError
  stack='TimeoutError: Timeout 30000ms exceeded.
=========================== logs ===========================
waiting for getByLabel("Friday, 08 November,").getByText("08")
============================================================
    at ProgressController.run (/tmp/playwright-java-3352699115265898406/package/lib/server/progress.js:88:26)
    at Frame.click (/tmp/playwright-java-3352699115265898406/package/lib/server/frames.js:994:23)
    at FrameDispatcher.click (/tmp/playwright-java-3352699115265898406/package/lib/server/dispatchers/frameDispatcher.js:154:30)
    at DispatcherConnection.dispatch (/tmp/playwright-java-3352699115265898406/package/lib/server/dispatchers/dispatcher.js:313:46)
}
at com.microsoft.playwright.impl.Connection.dispatch(Connection.java:224)
at com.microsoft.playwright.impl.Connection.processOneMessage(Connection.java:206)
at com.microsoft.playwright.impl.ChannelOwner.runUntil(ChannelOwner.java:109)
... 39 more
]]>
    </error>
  </testcase> <!-- Infinia_FlightRoundTripBooking -->
  <system-out/>
</testsuite> <!-- SmartBuyCR.Tests.SampleTest -->
